100.11.24 03:09 B F:\Blacksphere (web)\screenshots\screenshots.html --> ftp.home.zonnet.nl /screenshots screenshots.html
100.11.24 03:09 B F:\Blacksphere (web)\screenshots\ss1.html --> ftp.home.zonnet.nl /screenshots ss1.html
100.11.24 03:10 B F:\Blacksphere (web)\screenshots\ss1.jpg --> ftp.home.zonnet.nl /screenshots ss1.jpg
100.11.24 03:10 B F:\Blacksphere (web)\screenshots\ss10.html --> ftp.home.zonnet.nl /screenshots ss10.html
100.11.24 03:11 B F:\Blacksphere (web)\screenshots\ss10.jpg --> ftp.home.zonnet.nl /screenshots ss10.jpg
100.11.24 03:11 B F:\Blacksphere (web)\screenshots\ss100.html --> ftp.home.zonnet.nl /screenshots ss100.html
100.11.24 03:11 B F:\Blacksphere (web)\screenshots\ss100.jpg --> ftp.home.zonnet.nl /screenshots ss100.jpg
100.11.24 03:11 B F:\Blacksphere (web)\screenshots\ss100thumb.jpg --> ftp.home.zonnet.nl /screenshots ss100thumb.jpg
100.11.24 03:11 B F:\Blacksphere (web)\screenshots\ss101.html --> ftp.home.zonnet.nl /screenshots ss101.html
100.11.24 03:12 B F:\Blacksphere (web)\screenshots\ss101.jpg --> ftp.home.zonnet.nl /screenshots ss101.jpg
100.11.24 03:12 B F:\Blacksphere (web)\screenshots\ss101thumb.jpg --> ftp.home.zonnet.nl /screenshots ss101thumb.jpg
100.11.24 03:12 B F:\Blacksphere (web)\screenshots\ss102.html --> ftp.home.zonnet.nl /screenshots ss102.html
100.11.24 03:12 B F:\Blacksphere (web)\screenshots\ss102.jpg --> ftp.home.zonnet.nl /screenshots ss102.jpg
100.11.24 03:12 B F:\Blacksphere (web)\screenshots\ss102thumb.jpg --> ftp.home.zonnet.nl /screenshots ss102thumb.jpg
100.11.24 03:13 B F:\Blacksphere (web)\screenshots\ss103.html --> ftp.home.zonnet.nl /screenshots ss103.html
100.11.24 03:14 B F:\Blacksphere (web)\screenshots\ss103.jpg --> ftp.home.zonnet.nl /screenshots ss103.jpg
100.11.24 03:14 B F:\Blacksphere (web)\screenshots\ss103thumb.jpg --> ftp.home.zonnet.nl /screenshots ss103thumb.jpg
100.11.24 03:14 B F:\Blacksphere (web)\screenshots\ss104.html --> ftp.home.zonnet.nl /screenshots ss104.html
100.11.24 03:14 B F:\Blacksphere (web)\screenshots\ss104.jpg --> ftp.home.zonnet.nl /screenshots ss104.jpg
100.11.24 03:14 B F:\Blacksphere (web)\screenshots\ss104thumb.jpg --> ftp.home.zonnet.nl /screenshots ss104thumb.jpg
100.11.24 03:14 B F:\Blacksphere (web)\screenshots\ss10thumb.jpg --> ftp.home.zonnet.nl /screenshots ss10thumb.jpg
100.11.24 03:15 B F:\Blacksphere (web)\screenshots\ss1thumb.jpg --> ftp.home.zonnet.nl /screenshots ss1thumb.jpg
100.11.24 03:15 B F:\Blacksphere (web)\screenshots\ss2.html --> ftp.home.zonnet.nl /screenshots ss2.html
100.11.24 03:15 B F:\Blacksphere (web)\screenshots\ss2.jpg --> ftp.home.zonnet.nl /screenshots ss2.jpg
100.11.24 03:16 B F:\Blacksphere (web)\screenshots\ss2thumb.jpg --> ftp.home.zonnet.nl /screenshots ss2thumb.jpg
100.11.24 03:16 B F:\Blacksphere (web)\screenshots\ss3.html --> ftp.home.zonnet.nl /screenshots ss3.html
100.11.24 03:16 B F:\Blacksphere (web)\screenshots\ss3.jpg --> ftp.home.zonnet.nl /screenshots ss3.jpg
100.11.24 03:17 B F:\Blacksphere (web)\screenshots\ss3thumb.jpg --> ftp.home.zonnet.nl /screenshots ss3thumb.jpg
100.11.24 03:17 B F:\Blacksphere (web)\screenshots\ss4.html --> ftp.home.zonnet.nl /screenshots ss4.html
100.11.24 03:17 B F:\Blacksphere (web)\screenshots\ss4.jpg --> ftp.home.zonnet.nl /screenshots ss4.jpg
100.11.24 03:18 B F:\Blacksphere (web)\screenshots\ss4thumb.jpg --> ftp.home.zonnet.nl /screenshots ss4thumb.jpg
100.11.24 03:18 B F:\Blacksphere (web)\screenshots\ss5.html --> ftp.home.zonnet.nl /screenshots ss5.html
100.11.24 03:19 B F:\Blacksphere (web)\screenshots\ss5.jpg --> ftp.home.zonnet.nl /screenshots ss5.jpg
100.11.24 03:19 B F:\Blacksphere (web)\screenshots\ss5thumb.jpg --> ftp.home.zonnet.nl /screenshots ss5thumb.jpg
100.11.24 03:19 B F:\Blacksphere (web)\screenshots\ss6.html --> ftp.home.zonnet.nl /screenshots ss6.html
100.11.24 03:20 B F:\Blacksphere (web)\screenshots\ss6.jpg --> ftp.home.zonnet.nl /screenshots ss6.jpg
100.11.24 03:20 B F:\Blacksphere (web)\screenshots\ss6thumb.jpg --> ftp.home.zonnet.nl /screenshots ss6thumb.jpg
100.11.24 03:20 B F:\Blacksphere (web)\screenshots\ss7.html --> ftp.home.zonnet.nl /screenshots ss7.html
100.11.24 03:21 B F:\Blacksphere (web)\screenshots\ss7.jpg --> ftp.home.zonnet.nl /screenshots ss7.jpg
100.11.24 03:21 B F:\Blacksphere (web)\screenshots\ss7thumb.jpg --> ftp.home.zonnet.nl /screenshots ss7thumb.jpg
100.11.24 03:21 B F:\Blacksphere (web)\screenshots\ss8.html --> ftp.home.zonnet.nl /screenshots ss8.html
100.11.24 03:21 B F:\Blacksphere (web)\screenshots\ss8.jpg --> ftp.home.zonnet.nl /screenshots ss8.jpg
100.11.24 03:21 B F:\Blacksphere (web)\screenshots\ss89.html --> ftp.home.zonnet.nl /screenshots ss89.html
100.11.24 03:21 B F:\Blacksphere (web)\screenshots\ss89.jpg --> ftp.home.zonnet.nl /screenshots ss89.jpg
100.11.24 03:21 B F:\Blacksphere (web)\screenshots\ss89thumb.jpg --> ftp.home.zonnet.nl /screenshots ss89thumb.jpg
100.11.24 03:22 B F:\Blacksphere (web)\screenshots\ss8thumb.jpg --> ftp.home.zonnet.nl /screenshots ss8thumb.jpg
100.11.24 03:22 B F:\Blacksphere (web)\screenshots\ss9.html --> ftp.home.zonnet.nl /screenshots ss9.html
100.11.24 03:22 B F:\Blacksphere (web)\screenshots\ss9.jpg --> ftp.home.zonnet.nl /screenshots ss9.jpg
100.11.24 03:22 B F:\Blacksphere (web)\screenshots\ss90.html --> ftp.home.zonnet.nl /screenshots ss90.html
100.11.24 03:23 B F:\Blacksphere (web)\screenshots\ss90.jpg --> ftp.home.zonnet.nl /screenshots ss90.jpg
100.11.24 03:23 B F:\Blacksphere (web)\screenshots\ss90thumb.jpg --> ftp.home.zonnet.nl /screenshots ss90thumb.jpg
100.11.24 03:23 B F:\Blacksphere (web)\screenshots\ss91.html --> ftp.home.zonnet.nl /screenshots ss91.html
100.11.24 03:23 B F:\Blacksphere (web)\screenshots\ss91.jpg --> ftp.home.zonnet.nl /screenshots ss91.jpg
100.11.24 03:23 B F:\Blacksphere (web)\screenshots\ss91thumb.jpg --> ftp.home.zonnet.nl /screenshots ss91thumb.jpg
100.11.24 03:23 B F:\Blacksphere (web)\screenshots\ss92.html --> ftp.home.zonnet.nl /screenshots ss92.html
100.11.24 03:24 B F:\Blacksphere (web)\screenshots\ss92.jpg --> ftp.home.zonnet.nl /screenshots ss92.jpg
100.11.24 03:24 B F:\Blacksphere (web)\screenshots\ss92thumb.jpg --> ftp.home.zonnet.nl /screenshots ss92thumb.jpg
100.11.24 03:24 B F:\Blacksphere (web)\screenshots\ss93.html --> ftp.home.zonnet.nl /screenshots ss93.html
100.11.24 03:24 B F:\Blacksphere (web)\screenshots\ss93.jpg --> ftp.home.zonnet.nl /screenshots ss93.jpg
100.11.24 03:24 B F:\Blacksphere (web)\screenshots\ss93thumb.jpg --> ftp.home.zonnet.nl /screenshots ss93thumb.jpg
100.11.24 03:24 B F:\Blacksphere (web)\screenshots\ss94.html --> ftp.home.zonnet.nl /screenshots ss94.html
100.11.24 03:24 B F:\Blacksphere (web)\screenshots\ss94.jpg --> ftp.home.zonnet.nl /screenshots ss94.jpg
100.11.24 03:25 B F:\Blacksphere (web)\screenshots\ss94thumb.jpg --> ftp.home.zonnet.nl /screenshots ss94thumb.jpg
100.11.24 03:25 B F:\Blacksphere (web)\screenshots\ss95.html --> ftp.home.zonnet.nl /screenshots ss95.html
100.11.24 03:25 B F:\Blacksphere (web)\screenshots\ss95.jpg --> ftp.home.zonnet.nl /screenshots ss95.jpg
100.11.24 03:25 B F:\Blacksphere (web)\screenshots\ss95thumb.jpg --> ftp.home.zonnet.nl /screenshots ss95thumb.jpg
100.11.24 03:25 B F:\Blacksphere (web)\screenshots\ss96.html --> ftp.home.zonnet.nl /screenshots ss96.html
100.11.24 03:25 B F:\Blacksphere (web)\screenshots\ss96.jpg --> ftp.home.zonnet.nl /screenshots ss96.jpg
100.11.24 03:25 B F:\Blacksphere (web)\screenshots\ss96thumb.jpg --> ftp.home.zonnet.nl /screenshots ss96thumb.jpg
100.11.24 03:25 B F:\Blacksphere (web)\screenshots\ss97.html --> ftp.home.zonnet.nl /screenshots ss97.html
100.11.24 03:26 B F:\Blacksphere (web)\screenshots\ss97.jpg --> ftp.home.zonnet.nl /screenshots ss97.jpg
100.11.24 03:26 B F:\Blacksphere (web)\screenshots\ss97thumb.jpg --> ftp.home.zonnet.nl /screenshots ss97thumb.jpg
100.11.24 03:26 B F:\Blacksphere (web)\screenshots\ss98.html --> ftp.home.zonnet.nl /screenshots ss98.html
100.11.24 03:27 B F:\Blacksphere (web)\screenshots\ss98.jpg --> ftp.home.zonnet.nl /screenshots ss98.jpg
100.11.24 03:27 B F:\Blacksphere (web)\screenshots\ss98thumb.jpg --> ftp.home.zonnet.nl /screenshots ss98thumb.jpg
100.11.24 03:27 B F:\Blacksphere (web)\screenshots\ss99.html --> ftp.home.zonnet.nl /screenshots ss99.html
100.11.24 03:27 B F:\Blacksphere (web)\screenshots\ss99.jpg --> ftp.home.zonnet.nl /screenshots ss99.jpg
100.11.24 03:28 B F:\Blacksphere (web)\screenshots\ss99thumb.jpg --> ftp.home.zonnet.nl /screenshots ss99thumb.jpg
100.11.24 03:28 B F:\Blacksphere (web)\screenshots\ss9thumb.jpg --> ftp.home.zonnet.nl /screenshots ss9thumb.jpg
100.11.24 21:39 B F:\Blacksphere (web)\screenshots\ss11.html --> ftp.home.zonnet.nl /screenshots ss11.html
100.11.24 21:40 B F:\Blacksphere (web)\screenshots\ss11.jpg --> ftp.home.zonnet.nl /screenshots ss11.jpg
100.11.24 21:40 B F:\Blacksphere (web)\screenshots\ss11thumb.jpg --> ftp.home.zonnet.nl /screenshots ss11thumb.jpg
100.11.24 21:40 B F:\Blacksphere (web)\screenshots\ss12.html --> ftp.home.zonnet.nl /screenshots ss12.html
100.11.24 21:42 B F:\Blacksphere (web)\screenshots\ss12.jpg --> ftp.home.zonnet.nl /screenshots ss12.jpg
100.11.24 21:43 B F:\Blacksphere (web)\screenshots\ss12thumb.jpg --> ftp.home.zonnet.nl /screenshots ss12thumb.jpg
100.11.24 21:43 B F:\Blacksphere (web)\screenshots\ss13.html --> ftp.home.zonnet.nl /screenshots ss13.html
100.11.24 21:43 B F:\Blacksphere (web)\screenshots\ss13.jpg --> ftp.home.zonnet.nl /screenshots ss13.jpg
100.11.24 21:44 B F:\Blacksphere (web)\screenshots\ss13thumb.jpg --> ftp.home.zonnet.nl /screenshots ss13thumb.jpg
100.11.24 21:44 B F:\Blacksphere (web)\screenshots\ss14.html --> ftp.home.zonnet.nl /screenshots ss14.html
100.11.24 21:46 B F:\Blacksphere (web)\screenshots\ss14.jpg --> ftp.home.zonnet.nl /screenshots ss14.jpg
100.11.24 21:46 B F:\Blacksphere (web)\screenshots\ss14thumb.jpg --> ftp.home.zonnet.nl /screenshots ss14thumb.jpg
100.11.24 21:46 B F:\Blacksphere (web)\screenshots\ss15.html --> ftp.home.zonnet.nl /screenshots ss15.html
100.11.24 21:48 B F:\Blacksphere (web)\screenshots\ss15.jpg --> ftp.home.zonnet.nl /screenshots ss15.jpg
100.11.24 21:49 B F:\Blacksphere (web)\screenshots\ss15thumb.jpg --> ftp.home.zonnet.nl /screenshots ss15thumb.jpg
100.11.24 21:49 B F:\Blacksphere (web)\screenshots\ss16.html --> ftp.home.zonnet.nl /screenshots ss16.html
100.11.24 21:51 B F:\Blacksphere (web)\screenshots\ss16.jpg --> ftp.home.zonnet.nl /screenshots ss16.jpg
100.11.24 21:51 B F:\Blacksphere (web)\screenshots\ss16thumb.jpg --> ftp.home.zonnet.nl /screenshots ss16thumb.jpg
100.11.24 21:51 B F:\Blacksphere (web)\screenshots\ss17.html --> ftp.home.zonnet.nl /screenshots ss17.html
100.11.24 21:52 B F:\Blacksphere (web)\screenshots\ss17.jpg --> ftp.home.zonnet.nl /screenshots ss17.jpg
100.11.24 21:52 B F:\Blacksphere (web)\screenshots\ss17thumb.jpg --> ftp.home.zonnet.nl /screenshots ss17thumb.jpg
100.11.24 21:52 B F:\Blacksphere (web)\screenshots\ss18.html --> ftp.home.zonnet.nl /screenshots ss18.html
100.11.24 21:52 B F:\Blacksphere (web)\screenshots\ss18.jpg --> ftp.home.zonnet.nl /screenshots ss18.jpg
100.11.24 21:53 B F:\Blacksphere (web)\screenshots\ss18thumb.jpg --> ftp.home.zonnet.nl /screenshots ss18thumb.jpg
100.11.24 21:53 B F:\Blacksphere (web)\screenshots\ss19.html --> ftp.home.zonnet.nl /screenshots ss19.html
100.11.24 21:53 B F:\Blacksphere (web)\screenshots\ss19.jpg --> ftp.home.zonnet.nl /screenshots ss19.jpg
100.11.24 21:53 B F:\Blacksphere (web)\screenshots\ss19thumb.jpg --> ftp.home.zonnet.nl /screenshots ss19thumb.jpg
100.11.24 21:53 B F:\Blacksphere (web)\screenshots\ss20.html --> ftp.home.zonnet.nl /screenshots ss20.html
100.11.24 21:56 B F:\Blacksphere (web)\screenshots\ss20.jpg --> ftp.home.zonnet.nl /screenshots ss20.jpg
100.11.24 21:56 B F:\Blacksphere (web)\screenshots\ss20thumb.jpg --> ftp.home.zonnet.nl /screenshots ss20thumb.jpg
100.11.24 21:56 B F:\Blacksphere (web)\screenshots\ss21.html --> ftp.home.zonnet.nl /screenshots ss21.html
100.11.24 21:58 B F:\Blacksphere (web)\screenshots\ss21.jpg --> ftp.home.zonnet.nl /screenshots ss21.jpg
100.11.24 21:58 B F:\Blacksphere (web)\screenshots\ss21thumb.jpg --> ftp.home.zonnet.nl /screenshots ss21thumb.jpg
100.11.24 21:58 B F:\Blacksphere (web)\screenshots\ss22.html --> ftp.home.zonnet.nl /screenshots ss22.html
100.11.24 21:59 B F:\Blacksphere (web)\screenshots\ss22.jpg --> ftp.home.zonnet.nl /screenshots ss22.jpg
100.11.24 21:59 B F:\Blacksphere (web)\screenshots\ss22thumb.jpg --> ftp.home.zonnet.nl /screenshots ss22thumb.jpg
100.11.24 21:59 B F:\Blacksphere (web)\screenshots\ss23.html --> ftp.home.zonnet.nl /screenshots ss23.html
100.11.24 22:01 B F:\Blacksphere (web)\screenshots\ss23.jpg --> ftp.home.zonnet.nl /screenshots ss23.jpg
100.11.24 22:01 B F:\Blacksphere (web)\screenshots\ss23thumb.jpg --> ftp.home.zonnet.nl /screenshots ss23thumb.jpg
100.11.24 22:02 B F:\Blacksphere (web)\screenshots\screenshots.html --> ftp.home.zonnet.nl /screenshots screenshots.html
100.11.27 20:57 B F:\Blacksphere (web)\screenshots\ss1.html --> ftp.home.zonnet.nl / ss1.html
100.11.27 20:57 B F:\Blacksphere (web)\screenshots\ss1thumb.jpg --> ftp.home.zonnet.nl / ss1thumb.jpg
100.11.27 20:59 B F:\Blacksphere (web)\screenshots\ss1thumb.jpg --> ftp.home.zonnet.nl /screenshots ss1thumb.jpg
100.11.27 21:01 B F:\Blacksphere (web)\screenshots\ss1.jpg --> ftp.home.zonnet.nl /screenshots ss1.jpg
100.11.27 21:14 B F:\Blacksphere (web)\screenshots\ss1.jpg --> ftp.home.zonnet.nl / ss1.jpg
100.11.27 21:16 B F:\Blacksphere (web)\screenshots\ss1thumb.jpg --> ftp.home.zonnet.nl /screenshots ss1thumb.jpg
100.11.27 21:20 B F:\Blacksphere (web)\screenshots\ss1.jpg --> ftp.home.zonnet.nl /screenshots ss1.jpg
100.12.02 18:46 B F:\Blacksphere (web)\screenshots\screenshots.html --> ftp.home.zonnet.nl /screenshots screenshots.html
100.12.02 18:47 B F:\Blacksphere (web)\screenshots\ss11.html --> ftp.home.zonnet.nl /screenshots ss11.html
100.12.02 18:48 B F:\Blacksphere (web)\screenshots\ss11.jpg --> ftp.home.zonnet.nl /screenshots ss11.jpg
100.12.02 18:48 B F:\Blacksphere (web)\screenshots\ss11thumb.jpg --> ftp.home.zonnet.nl /screenshots ss11thumb.jpg
100.12.02 18:49 B F:\Blacksphere (web)\screenshots\ss88.html --> ftp.home.zonnet.nl /screenshots ss88.html
100.12.02 18:50 B F:\Blacksphere (web)\screenshots\ss88.jpg --> ftp.home.zonnet.nl /screenshots ss88.jpg
100.12.02 18:50 B F:\Blacksphere (web)\screenshots\ss88thumb.jpg --> ftp.home.zonnet.nl /screenshots ss88thumb.jpg
100.12.03 23:03 B F:\Blacksphere (web)\screenshots\screenshots.html --> ftp.home.zonnet.nl /screenshots screenshots.html
100.12.18 05:55 B F:\Blacksphere (web)\screenshots\screenshots.html --> ftp.home.zonnet.nl / screenshots.html
100.12.18 05:55 B F:\Blacksphere (web)\screenshots\ss23.html --> ftp.home.zonnet.nl / ss23.html
100.12.18 05:55 B F:\Blacksphere (web)\screenshots\ss23.jpg --> ftp.home.zonnet.nl / ss23.jpg
100.12.18 05:56 B F:\Blacksphere (web)\screenshots\screenshots.html --> ftp.home.zonnet.nl undecipherable screenshots.html
100.12.18 05:56 B F:\Blacksphere (web)\screenshots\ss23.html --> ftp.home.zonnet.nl undecipherable ss23.html
100.12.18 05:57 B F:\Blacksphere (web)\screenshots\ss23.jpg --> ftp.home.zonnet.nl undecipherable ss23.jpg
100.12.18 05:58 B F:\Blacksphere (web)\screenshots\ss23thumb.jpg --> ftp.home.zonnet.nl undecipherable ss23thumb.jpg
100.12.18 05:58 B F:\Blacksphere (web)\screenshots\ss24.html --> ftp.home.zonnet.nl undecipherable ss24.html
100.12.18 06:03 B F:\Blacksphere (web)\screenshots\screenshots.html --> ftp.home.zonnet.nl /screenshots screenshots.html
100.12.18 06:03 B F:\Blacksphere (web)\screenshots\ss24thumb.jpg --> ftp.home.zonnet.nl /screenshots ss24thumb.jpg
100.12.18 06:11 B F:\Blacksphere (web)\screenshots\ss24.jpg --> ftp.home.zonnet.nl /screenshots ss24.jpg
100.12.28 19:59 B F:\Blacksphere (web)\screenshots\screenshots.html --> ftp.home.zonnet.nl /screenshots screenshots.html
100.12.28 19:59 B F:\Blacksphere (web)\screenshots\ss25.html --> ftp.home.zonnet.nl /screenshots ss25.html
100.12.28 20:00 B F:\Blacksphere (web)\screenshots\ss25.jpg --> ftp.home.zonnet.nl /screenshots ss25.jpg
100.12.28 20:00 B F:\Blacksphere (web)\screenshots\ss25thumb.jpg --> ftp.home.zonnet.nl /screenshots ss25thumb.jpg
100.12.28 20:00 B F:\Blacksphere (web)\screenshots\ss26.html --> ftp.home.zonnet.nl /screenshots ss26.html
100.12.28 20:01 B F:\Blacksphere (web)\screenshots\ss26.jpg --> ftp.home.zonnet.nl /screenshots ss26.jpg
100.12.28 20:01 B F:\Blacksphere (web)\screenshots\ss26thumb.jpg --> ftp.home.zonnet.nl /screenshots ss26thumb.jpg
100.12.28 20:01 B F:\Blacksphere (web)\screenshots\ss27.html --> ftp.home.zonnet.nl /screenshots ss27.html
100.12.28 20:03 B F:\Blacksphere (web)\screenshots\ss27.jpg --> ftp.home.zonnet.nl /screenshots ss27.jpg
100.12.28 20:03 B F:\Blacksphere (web)\screenshots\ss27thumb.jpg --> ftp.home.zonnet.nl /screenshots ss27thumb.jpg
100.12.28 20:21 B F:\Blacksphere (web)\screenshots\ss25.jpg --> ftp.home.zonnet.nl /screenshots ss25.jpg
100.12.28 20:21 B F:\Blacksphere (web)\screenshots\ss25thumb.jpg --> ftp.home.zonnet.nl /screenshots ss25thumb.jpg
